[function createFormatWrap(opts) {
    return new Format(opts);
  }] INFO: saom
[function createFormatWrap(opts) {
    return new Format(opts);
  }] INFO: saom
[2024-11-23 14:35:18] INFO: saom
[2024-11-23 16:57:35] INFO: app is running on port: 3000
[2024-11-23 17:00:50] INFO: app is running on port: 3000
[2024-11-23 17:04:36] INFO: app is running on port: 3000
[2024-11-23 17:04:42] INFO: app is running on port: 3000
[2024-11-23 17:04:48] INFO: app is running on port: 3000
[2024-11-23 17:04:52] INFO: app is running on port: 3000
[2024-11-23 17:04:55] INFO: app is running on port: 3000
[2024-11-23 17:05:11] INFO: app is running on port: 3000
[2024-11-23 17:05:13] INFO: app is running on port: 3000
[2024-11-23 17:05:15] INFO: app is running on port: 3000
[2024-11-23 17:05:22] INFO: app is running on port: 3000
[2024-11-23 17:05:58] ERROR: select * from "email" - relation "email" does not exist
[2024-11-23 17:05:58] ERROR: select * from "email" - relation "email" does not exist
[2024-11-23 17:07:24] INFO: app is running on port: 3000
[2024-11-23 17:09:25] INFO: app is running on port: 3000
[2024-11-23 17:09:32] ERROR: insert into "erp" ("email", "name", "password") values ($1, $2, $3) returning * - relation "erp" does not exist
[2024-11-23 17:09:32] ERROR: insert into "erp" ("email", "name", "password") values ($1, $2, $3) returning * - relation "erp" does not exist
[2024-11-23 17:10:36] INFO: app is running on port: 3000
[2024-11-23 17:10:40] INFO: app is running on port: 3000
[2024-11-23 17:10:54] INFO: app is running on port: 3000
[2024-11-23 17:11:00] INFO: app is running on port: 3000
[2024-11-23 17:11:02] ERROR: insert into "erp" ("email", "name", "password") values ($1, $2, $3) returning * - relation "erp" does not exist
[2024-11-23 17:11:02] ERROR: insert into "erp" ("email", "name", "password") values ($1, $2, $3) returning * - relation "erp" does not exist
[2024-11-23 17:11:05] INFO: app is running on port: 3000
[2024-11-23 17:11:40] ERROR: insert into "erp" ("email", "name", "password") values ($1, $2, $3) returning * - relation "erp" does not exist
[2024-11-23 17:11:40] ERROR: insert into "erp" ("email", "name", "password") values ($1, $2, $3) returning * - relation "erp" does not exist
[2024-11-23 17:12:12] INFO: app is running on port: 3000
[2024-11-23 17:12:14] INFO: app is running on port: 3000
[2024-11-23 17:13:25] ERROR: insert into "users" ("email", "name", "password") values ($1, $2, $3) returning * - duplicate key value violates unique constraint "users_email_unique"
[2024-11-23 17:13:25] ERROR: insert into "users" ("email", "name", "password") values ($1, $2, $3) returning * - duplicate key value violates unique constraint "users_email_unique"
[2024-11-23 17:13:51] INFO: app is running on port: 3000
[2024-11-23 17:13:53] INFO: app is running on port: 3000
[2024-11-23 17:13:56] ERROR: insert into "users" ("email", "name", "password") values ($1, $2, $3) returning * - duplicate key value violates unique constraint "users_email_unique"
[2024-11-23 17:13:56] ERROR: insert into "users" ("email", "name", "password") values ($1, $2, $3) returning * - duplicate key value violates unique constraint "users_email_unique"
[2024-11-23 17:14:07] INFO: app is running on port: 3000
[2024-11-23 17:14:09] ERROR: insert into "users" ("email", "name", "password") values ($1, $2, $3) returning * - duplicate key value violates unique constraint "users_email_unique"
[2024-11-23 17:14:09] ERROR: insert into "users" ("email", "name", "password") values ($1, $2, $3) returning * - duplicate key value violates unique constraint "users_email_unique"
[2024-11-23 17:14:16] INFO: app is running on port: 3000
[2024-11-23 17:14:43] INFO: app is running on port: 3000
[2024-11-23 17:14:46] ERROR: email is alredy exsist
[2024-11-23 17:14:46] ERROR: email is alredy exsist
[2024-11-23 17:15:19] INFO: app is running on port: 3000
[2024-11-23 17:15:43] INFO: app is running on port: 3000
[2024-11-23 17:15:46] INFO: app is running on port: 3000
[2024-11-23 17:15:49] INFO: app is running on port: 3000
[2024-11-23 17:16:07] INFO: app is running on port: 3000
[2024-11-23 17:16:11] INFO: app is running on port: 3000
[2024-11-23 17:16:54] INFO: app is running on port: 3000
[2024-11-23 17:16:56] INFO: app is running on port: 3000
[2024-11-23 17:17:11] INFO: app is running on port: 3000
[2024-11-23 17:17:15] INFO: app is running on port: 3000
[2024-11-23 17:17:24] INFO: app is running on port: 3000
[2024-11-23 17:17:28] INFO: app is running on port: 3000
[2024-11-23 17:17:31] INFO: app is running on port: 3000
[2024-11-23 17:17:33] INFO: app is running on port: 3000
[2024-11-23 17:17:42] INFO: app is running on port: 3000
[2024-11-23 17:17:48] INFO: app is running on port: 3000
[2024-11-23 17:17:50] INFO: app is running on port: 3000
[2024-11-23 17:17:52] INFO: app is running on port: 3000
[2024-11-23 17:17:59] INFO: app is running on port: 3000
[2024-11-23 17:18:08] INFO: app is running on port: 3000
[2024-11-23 17:18:12] INFO: app is running on port: 3000
[2024-11-23 17:18:19] INFO: app is running on port: 3000
[2024-11-23 17:18:29] INFO: app is running on port: 3000
[2024-11-23 17:18:36] INFO: app is running on port: 3000
[2024-11-23 17:18:47] INFO: app is running on port: 3000
[2024-11-23 17:18:48] INFO: app is running on port: 3000
[2024-11-23 17:18:52] ERROR: email is alredy exsist
[2024-11-23 17:18:52] ERROR: email is alredy exsist
[2024-11-23 17:18:52] ERROR: Error: email is alredy exsist
[2024-11-23 17:19:00] INFO: app is running on port: 3000
[2024-11-23 17:19:05] INFO: app is running on port: 3000
[2024-11-23 17:20:03] INFO: app is running on port: 3000
[2024-11-23 17:20:06] INFO: app is running on port: 3000
[2024-11-23 17:20:10] INFO: app is running on port: 3000
[2024-11-23 17:20:56] INFO: app is running on port: 3000
[2024-11-23 17:21:04] INFO: app is running on port: 3000
[2024-11-23 18:22:03] INFO: app is running on port: 3000
[2024-11-23 18:22:06] ERROR: getUserSersice is not defined
[2024-11-23 18:22:06] ERROR: Error: getUserSersice is not defined
[2024-11-23 18:22:16] INFO: app is running on port: 3000
[2024-11-23 18:22:19] INFO: app is running on port: 3000
[2024-11-23 18:22:20] INFO: app is running on port: 3000
[2024-11-23 18:22:21] INFO: app is running on port: 3000
[2024-11-23 18:24:54] INFO: app is running on port: 3000
[2024-11-23 18:25:03] INFO: app is running on port: 3000
[2024-11-23 18:25:13] INFO: app is running on port: 3000
[2024-11-23 18:25:43] INFO: app is running on port: 3000
[2024-11-23 18:25:48] INFO: app is running on port: 3000
[2024-11-23 18:25:49] INFO: app is running on port: 3000
[2024-11-23 18:25:51] INFO: app is running on port: 3000
[2024-11-23 18:25:55] ERROR: user not found
[2024-11-23 18:25:55] ERROR: Error: user not found
[2024-11-23 18:26:28] INFO: app is running on port: 3000
[2024-11-23 18:26:30] ERROR: user not found
[2024-11-23 18:26:30] ERROR: Error: user not found
[2024-11-23 18:26:41] INFO: app is running on port: 3000
[2024-11-23 18:26:42] ERROR: user not found
[2024-11-23 18:26:42] ERROR: Error: user not found
[2024-11-23 18:26:46] INFO: app is running on port: 3000
[2024-11-23 18:31:05] INFO: app is running on port: 3000
[2024-11-23 18:31:10] INFO: app is running on port: 3000
[2024-11-23 18:31:12] INFO: app is running on port: 3000
[2024-11-23 18:31:49] ERROR: user not found
[2024-11-23 18:31:49] ERROR: user not found
[2024-11-23 18:31:49] ERROR: Error: user not found
[2024-11-23 18:32:16] INFO: app is running on port: 3000
[2024-11-23 18:32:20] INFO: app is running on port: 3000
[2024-11-23 18:32:36] INFO: app is running on port: 3000
[2024-11-23 18:32:42] INFO: app is running on port: 3000
[2024-11-23 18:32:59] INFO: app is running on port: 3000
[2024-11-23 18:33:02] INFO: app is running on port: 3000
[2024-11-23 18:33:05] INFO: app is running on port: 3000
[2024-11-23 18:33:06] INFO: app is running on port: 3000
[2024-11-23 18:33:08] INFO: app is running on port: 3000
[2024-11-23 18:33:09] INFO: app is running on port: 3000
[2024-11-23 18:33:14] ERROR: email is alredy exsist
[2024-11-23 18:33:14] ERROR: email is alredy exsist
[2024-11-23 18:33:14] ERROR: Error: email is alredy exsist
[2024-11-23 18:34:07] ERROR: email is alredy exsist
[2024-11-23 18:34:07] ERROR: email is alredy exsist
[2024-11-23 18:34:07] ERROR: Error: email is alredy exsist
[2024-11-23 18:34:37] INFO: app is running on port: 3000
[2024-11-23 18:34:43] INFO: app is running on port: 3000
[2024-11-23 18:37:16] INFO: app is running on port: 3000
[2024-11-23 18:37:22] ERROR: user not found
[2024-11-23 18:37:22] ERROR: Error: user not found
[2024-11-23 18:39:10] INFO: app is running on port: 3000
[2024-11-23 18:39:21] INFO: app is running on port: 3000
[2024-11-23 18:39:25] INFO: app is running on port: 3000
[2024-11-23 18:39:29] INFO: app is running on port: 3000
[2024-11-23 18:39:33] INFO: app is running on port: 3000
[2024-11-23 18:39:35] INFO: app is running on port: 3000
[2024-11-23 18:39:37] ERROR: user not found
[2024-11-23 18:39:37] ERROR: Error: user not found
[2024-11-23 18:40:00] ERROR: user not found
[2024-11-23 18:40:00] ERROR: Error: user not found
[2024-11-23 18:40:37] INFO: app is running on port: 3000
[2024-11-23 18:40:39] INFO: app is running on port: 3000
[2024-11-23 18:40:41] INFO: app is running on port: 3000
[2024-11-23 18:40:47] INFO: app is running on port: 3000
[2024-11-23 18:41:06] INFO: app is running on port: 3000
[2024-11-23 18:41:13] INFO: app is running on port: 3000
[2024-11-23 18:41:17] INFO: app is running on port: 3000
[2024-11-23 18:41:20] ERROR: user not found
[2024-11-23 18:41:20] ERROR: Error: user not found
[2024-11-23 18:41:33] INFO: app is running on port: 3000
[2024-11-23 18:41:42] INFO: app is running on port: 3000
[2024-11-23 18:41:46] INFO: app is running on port: 3000
[2024-11-23 18:41:47] INFO: app is running on port: 3000
[2024-11-23 18:41:49] INFO: app is running on port: 3000
[2024-11-23 18:41:50] ERROR: user not found
[2024-11-23 18:41:50] ERROR: Error: user not found
[2024-11-23 18:42:00] INFO: app is running on port: 3000
[2024-11-23 18:42:03] ERROR: user not found
[2024-11-23 18:42:03] ERROR: Error: user not found
[2024-11-23 18:42:19] ERROR: user not found
[2024-11-23 18:42:19] ERROR: Error: user not found
[2024-11-23 18:42:46] ERROR: user not found
[2024-11-23 18:42:46] ERROR: Error: user not found
[2024-11-23 18:43:04] INFO: app is running on port: 3000
[2024-11-23 18:43:42] INFO: app is running on port: 3000
[2024-11-23 18:43:46] INFO: app is running on port: 3000
[2024-11-23 18:43:47] INFO: app is running on port: 3000
[2024-11-23 18:43:49] ERROR: user not found
[2024-11-23 18:43:49] ERROR: Error: user not found
[2024-11-23 18:44:15] INFO: app is running on port: 3000
[2024-11-23 18:44:19] INFO: app is running on port: 3000
[2024-11-23 18:44:21] INFO: app is running on port: 3000
[2024-11-23 18:44:26] ERROR: user not found
[2024-11-23 18:44:26] ERROR: Error: user not found
[2024-11-23 18:44:35] INFO: app is running on port: 3000
[2024-11-23 18:44:37] INFO: app is running on port: 3000
[2024-11-23 18:44:50] ERROR: user not found
[2024-11-23 18:44:50] ERROR: Error: user not found
[2024-11-23 18:44:58] ERROR: user not found
[2024-11-23 18:44:58] ERROR: Error: user not found
[2024-11-23 18:47:27] INFO: app is running on port: 3000
[2024-11-23 18:47:44] INFO: app is running on port: 3000
[2024-11-23 18:47:45] INFO: app is running on port: 3000
[2024-11-23 18:47:49] INFO: app is running on port: 3000
[2024-11-23 18:47:52] INFO: app is running on port: 3000
[2024-11-23 18:47:55] ERROR: user not found
[2024-11-23 18:47:55] ERROR: Error: user not found
[2024-11-23 18:48:01] ERROR: user not found
[2024-11-23 18:48:01] ERROR: Error: user not found
[2024-11-23 18:48:13] INFO: app is running on port: 3000
[2024-11-23 18:48:14] INFO: app is running on port: 3000
[2024-11-23 18:48:17] INFO: app is running on port: 3000
[2024-11-23 18:48:20] INFO: app is running on port: 3000
[2024-11-23 18:48:22] ERROR: user not found
[2024-11-23 18:48:22] ERROR: Error: user not found
[2024-11-23 18:48:29] INFO: app is running on port: 3000
[2024-11-23 18:49:50] INFO: app is running on port: 3000
[2024-11-23 18:50:09] INFO: app is running on port: 3000
[2024-11-23 18:50:11] ERROR: user not found
[2024-11-23 18:50:11] ERROR: Error: user not found
[2024-11-23 18:50:37] INFO: app is running on port: 3000
[2024-11-23 18:50:39] INFO: app is running on port: 3000
[2024-11-23 18:50:43] INFO: app is running on port: 3000
[2024-11-23 18:50:46] INFO: app is running on port: 3000
[2024-11-23 18:50:47] INFO: app is running on port: 3000
[2024-11-23 18:51:00] INFO: app is running on port: 3000
[2024-11-23 18:51:13] ERROR: Undefined binding(s) detected when compiling SELECT. Undefined column(s): [name', '%user1] query: select * from "users" where "name', '%user1" like ?
[2024-11-23 18:51:13] ERROR: Error: Undefined binding(s) detected when compiling SELECT. Undefined column(s): [name', '%user1] query: select * from "users" where "name', '%user1" like ?
[2024-11-23 18:53:00] INFO: app is running on port: 3000
[2024-11-23 18:53:10] INFO: app is running on port: 3000
[2024-11-23 18:53:17] INFO: app is running on port: 3000
[2024-11-23 18:53:20] INFO: app is running on port: 3000
[2024-11-23 18:53:22] INFO: app is running on port: 3000
[2024-11-23 18:53:26] INFO: app is running on port: 3000
[2024-11-23 18:53:33] ERROR: user not found
[2024-11-23 18:53:33] ERROR: Error: user not found
[2024-11-23 18:53:41] INFO: app is running on port: 3000
[2024-11-23 18:53:42] ERROR: user not found
[2024-11-23 18:53:42] ERROR: Error: user not found
[2024-11-23 18:54:14] INFO: app is running on port: 3000
[2024-11-23 19:00:24] INFO: app is running on port: 3000
[2024-11-23 19:00:49] INFO: app is running on port: 3000
[2024-11-23 19:01:10] INFO: app is running on port: 3000
[2024-11-23 19:01:11] INFO: app is running on port: 3000
[2024-11-23 19:01:14] INFO: app is running on port: 3000
[2024-11-23 19:01:23] INFO: app is running on port: 3000
[2024-11-23 19:01:26] INFO: app is running on port: 3000
[2024-11-23 19:01:32] INFO: app is running on port: 3000
[2024-11-23 19:01:35] INFO: app is running on port: 3000
[2024-11-23 19:01:39] INFO: app is running on port: 3000
[2024-11-23 19:01:55] INFO: app is running on port: 3000
[2024-11-23 19:01:57] INFO: app is running on port: 3000
[2024-11-23 19:01:58] INFO: app is running on port: 3000
[2024-11-23 19:02:12] INFO: app is running on port: 3000
[2024-11-23 19:02:18] INFO: app is running on port: 3000
[2024-11-23 19:02:33] INFO: app is running on port: 3000
[2024-11-23 19:02:36] INFO: app is running on port: 3000
[2024-11-23 19:02:47] INFO: app is running on port: 3000
[2024-11-23 19:03:18] INFO: app is running on port: 3000
[2024-11-23 19:04:28] INFO: app is running on port: 3000
[2024-11-23 19:04:48] INFO: app is running on port: 3000
[2024-11-23 19:04:52] INFO: app is running on port: 3000
[2024-11-23 19:05:30] INFO: app is running on port: 3000
[2024-11-23 19:05:33] INFO: app is running on port: 3000
[2024-11-23 19:05:38] INFO: app is running on port: 3000
[2024-11-23 19:05:51] INFO: app is running on port: 3000
[2024-11-23 19:05:54] INFO: app is running on port: 3000
[2024-11-23 19:05:57] INFO: app is running on port: 3000
[2024-11-23 19:05:59] INFO: app is running on port: 3000
[2024-11-23 19:06:02] INFO: app is running on port: 3000
[2024-11-23 19:07:20] ERROR: update "users" set "name" = $1, "email" = $2 where "id" = $3 - duplicate key value violates unique constraint "users_email_unique"
[2024-11-23 19:07:20] ERROR: update "users" set "name" = $1, "email" = $2 where "id" = $3 - duplicate key value violates unique constraint "users_email_unique"
[2024-11-23 19:07:20] ERROR: Error: update "users" set "name" = $1, "email" = $2 where "id" = $3 - duplicate key value violates unique constraint "users_email_unique"
[2024-11-23 19:08:05] INFO: app is running on port: 3000
[2024-11-23 19:08:10] INFO: app is running on port: 3000
[2024-11-23 19:09:02] INFO: app is running on port: 3000
[2024-11-23 19:09:05] ERROR: email is alredy exsist
[2024-11-23 19:09:05] ERROR: email is alredy exsist
[2024-11-23 19:09:05] ERROR: Error: email is alredy exsist
[2024-11-23 19:14:11] INFO: app is running on port: 3000
[2024-11-23 19:14:26] INFO: app is running on port: 3000
[2024-11-23 19:14:27] ERROR: body is not defined
[2024-11-23 19:14:27] ERROR: Error: body is not defined
[2024-11-23 19:14:43] INFO: app is running on port: 3000
[2024-11-23 19:14:44] ERROR: select * from "users" where "id" = $1 - invalid input syntax for type integer: ""
[2024-11-23 19:14:44] ERROR: select * from "users" where "id" = $1 - invalid input syntax for type integer: ""
[2024-11-23 19:14:44] ERROR: Error: select * from "users" where "id" = $1 - invalid input syntax for type integer: ""
[2024-11-23 19:15:04] INFO: app is running on port: 3000
[2024-11-23 19:15:11] ERROR: user not found
[2024-11-23 19:15:11] ERROR: user not found
[2024-11-23 19:15:11] ERROR: Error: user not found
[2024-11-23 19:15:30] ERROR: AppError is not defined
[2024-11-23 19:15:30] ERROR: Error: AppError is not defined
[2024-11-23 19:28:15] INFO: app is running on port: 3000
[2024-11-23 19:28:24] INFO: app is running on port: 3000
[2024-11-23 19:28:28] INFO: app is running on port: 3000
[2024-11-23 19:28:29] INFO: app is running on port: 3000
[2024-11-23 19:28:32] INFO: app is running on port: 3000
[2024-11-23 19:28:40] INFO: app is running on port: 3000
[2024-11-23 19:28:43] INFO: app is running on port: 3000
[2024-11-23 19:28:45] INFO: app is running on port: 3000
[2024-11-23 19:28:46] INFO: app is running on port: 3000
[2024-11-23 19:28:55] INFO: app is running on port: 3000
[2024-11-23 19:28:59] INFO: app is running on port: 3000
[2024-11-23 19:29:01] INFO: app is running on port: 3000
[2024-11-23 19:29:04] INFO: app is running on port: 3000
[2024-11-23 19:29:07] INFO: app is running on port: 3000
[2024-11-23 19:29:18] INFO: app is running on port: 3000
[2024-11-23 19:29:23] INFO: app is running on port: 3000
[2024-11-23 19:29:25] INFO: app is running on port: 3000
[2024-11-23 19:29:26] INFO: app is running on port: 3000
[2024-11-23 19:29:28] INFO: app is running on port: 3000
[2024-11-23 19:29:37] INFO: app is running on port: 3000
[2024-11-23 19:29:39] INFO: app is running on port: 3000
[2024-11-23 19:29:40] INFO: app is running on port: 3000
[2024-11-23 19:29:42] INFO: app is running on port: 3000
[2024-11-23 19:29:45] INFO: app is running on port: 3000
[2024-11-23 19:29:50] INFO: app is running on port: 3000
[2024-11-23 19:29:55] INFO: app is running on port: 3000
[2024-11-23 19:29:57] INFO: app is running on port: 3000
[2024-11-23 19:30:03] INFO: app is running on port: 3000
[2024-11-23 19:30:09] INFO: app is running on port: 3000
[2024-11-23 19:30:22] INFO: app is running on port: 3000
[2024-11-23 19:30:25] INFO: app is running on port: 3000
[2024-11-23 19:30:30] INFO: app is running on port: 3000
[2024-11-23 19:30:34] INFO: app is running on port: 3000
[2024-11-23 19:30:36] INFO: app is running on port: 3000
[2024-11-23 19:30:42] INFO: app is running on port: 3000
[2024-11-23 19:31:23] INFO: app is running on port: 3000
[2024-11-23 19:31:26] INFO: app is running on port: 3000
[2024-11-23 19:31:31] INFO: app is running on port: 3000
[2024-11-23 19:31:33] INFO: app is running on port: 3000
[2024-11-23 19:31:34] INFO: app is running on port: 3000
[2024-11-23 19:31:36] INFO: app is running on port: 3000
[2024-11-23 19:31:38] INFO: app is running on port: 3000
[2024-11-23 19:31:39] INFO: app is running on port: 3000
[2024-11-23 19:31:54] INFO: app is running on port: 3000
[2024-11-23 19:31:57] INFO: app is running on port: 3000
[2024-11-23 19:32:00] INFO: app is running on port: 3000
[2024-11-23 19:32:02] INFO: app is running on port: 3000
[2024-11-23 19:32:06] INFO: app is running on port: 3000
[2024-11-23 19:32:08] INFO: app is running on port: 3000
[2024-11-23 19:32:14] INFO: app is running on port: 3000
[2024-11-23 19:32:17] INFO: app is running on port: 3000
[2024-11-23 19:32:19] INFO: app is running on port: 3000
[2024-11-23 19:32:28] INFO: app is running on port: 3000
[2024-11-23 19:32:30] INFO: app is running on port: 3000
[2024-11-23 19:32:40] INFO: app is running on port: 3000
[2024-11-23 19:32:43] INFO: app is running on port: 3000
[2024-11-23 19:32:47] INFO: app is running on port: 3000
[2024-11-23 19:32:51] INFO: app is running on port: 3000
[2024-11-23 19:32:55] INFO: app is running on port: 3000
[2024-11-23 19:32:59] INFO: app is running on port: 3000
[2024-11-23 19:33:01] INFO: app is running on port: 3000
[2024-11-23 19:33:06] INFO: app is running on port: 3000
[2024-11-23 19:33:07] INFO: app is running on port: 3000
[2024-11-23 19:35:30] INFO: app is running on port: 3000
[2024-11-23 19:35:32] INFO: app is running on port: 3000
[2024-11-23 19:35:33] INFO: app is running on port: 3000
[2024-11-23 19:35:48] INFO: app is running on port: 3000
[2024-11-23 19:56:54] INFO: app is running on port: 3000
[2024-11-23 20:03:37] ERROR: updatCourseSersice is not defined
[2024-11-23 20:03:37] ERROR: Error: updatCourseSersice is not defined
[2024-11-23 20:04:13] INFO: app is running on port: 3000
[2024-11-23 20:04:15] ERROR: course not found
[2024-11-23 20:04:15] ERROR: course not found
[2024-11-23 20:04:15] ERROR: Error: course not found
[2024-11-23 20:04:35] ERROR: Cannot read properties of undefined (reading 'id')
[2024-11-23 20:04:35] ERROR: Error: Cannot read properties of undefined (reading 'id')
[2024-11-23 20:05:29] INFO: app is running on port: 3000
[2024-11-23 20:05:33] INFO: app is running on port: 3000
[2024-11-23 20:12:28] INFO: app is running on port: 3000
[2024-11-23 20:12:32] INFO: app is running on port: 3000
[2024-11-23 20:12:34] ERROR: Cannot read properties of undefined (reading 'id')
[2024-11-23 20:12:34] ERROR: Error: Cannot read properties of undefined (reading 'id')
[2024-11-23 20:12:45] INFO: app is running on port: 3000
[2024-11-23 20:12:47] INFO: app is running on port: 3000
[2024-11-23 20:13:39] ERROR: AppError is not defined
[2024-11-23 20:13:39] ERROR: Error: AppError is not defined
[2024-11-23 20:13:54] ERROR: course not found
[2024-11-23 20:13:54] ERROR: course not found
[2024-11-23 20:13:54] ERROR: Error: course not found
